2019-12-03 03:00:10 Notice: Deprecated (16384): Security::salt() is deprecated. Use Security::getSalt()/setSalt() instead. - /var/www/html/Gim/config/bootstrap.php, line: 152
 You can disable deprecation warnings by setting `Error.errorLevel` to `E_ALL & ~E_USER_DEPRECATED` in your config/app.php. in [/var/www/html/Gim/vendor/cakephp/cakephp/src/Core/functions.php, line 311]
Trace:
Cake\Error\BaseErrorHandler::handleError() - CORE/src/Error/BaseErrorHandler.php, line 158
deprecationWarning - CORE/src/Core/functions.php, line 311
Cake\Utility\Security::salt() - CORE/src/Utility/Security.php, line 383
include - ROOT/config/bootstrap.php, line 152
[main] - ROOT/bin/cake.php, line 31



2019-12-03 03:00:10 Notice: Deprecated (16384): Use Cake\Http\ServerRequest instead of Cake\Network\Request. - /var/www/html/Gim/vendor/composer/ClassLoader.php, line: 444
 You can disable deprecation warnings by setting `Error.errorLevel` to `E_ALL & ~E_USER_DEPRECATED` in your config/app.php. in [/var/www/html/Gim/vendor/cakephp/cakephp/src/Core/functions.php, line 311]
Trace:
Cake\Error\BaseErrorHandler::handleError() - CORE/src/Error/BaseErrorHandler.php, line 158
deprecationWarning - CORE/src/Core/functions.php, line 311
include - CORE/src/Network/Request.php, line 4
Composer\Autoload\includeFile - ROOT/vendor/composer/ClassLoader.php, line 444
Composer\Autoload\ClassLoader::loadClass() - ROOT/vendor/composer/ClassLoader.php, line 322
spl_autoload_call - [internal], line ??
include - ROOT/config/bootstrap.php, line 164
[main] - ROOT/bin/cake.php, line 31



2019-12-03 03:00:10 Notice: Deprecated (16384): Plugin::load() is deprecated. Use Application::addPlugin() instead. This method will be removed in 4.0.0. - /var/www/html/Gim/config/bootstrap.php, line: 194
 You can disable deprecation warnings by setting `Error.errorLevel` to `E_ALL & ~E_USER_DEPRECATED` in your config/app.php. in [/var/www/html/Gim/vendor/cakephp/cakephp/src/Core/functions.php, line 311]
Trace:
Cake\Error\BaseErrorHandler::handleError() - CORE/src/Error/BaseErrorHandler.php, line 158
deprecationWarning - CORE/src/Core/functions.php, line 311
Cake\Core\Plugin::load() - CORE/src/Core/Plugin.php, line 117
include - ROOT/config/bootstrap.php, line 194
[main] - ROOT/bin/cake.php, line 31



2019-12-03 10:24:55 Notice: Deprecated (16384): Security::salt() is deprecated. Use Security::getSalt()/setSalt() instead. - /var/www/html/Gim/config/bootstrap.php, line: 152
 You can disable deprecation warnings by setting `Error.errorLevel` to `E_ALL & ~E_USER_DEPRECATED` in your config/app.php. in [/var/www/html/Gim/vendor/cakephp/cakephp/src/Core/functions.php, line 311]
Trace:
Cake\Error\BaseErrorHandler::handleError() - CORE/src/Error/BaseErrorHandler.php, line 158
deprecationWarning - CORE/src/Core/functions.php, line 311
Cake\Utility\Security::salt() - CORE/src/Utility/Security.php, line 383
include - ROOT/config/bootstrap.php, line 152
[main] - ROOT/bin/cake.php, line 31



2019-12-03 10:24:55 Notice: Deprecated (16384): Use Cake\Http\ServerRequest instead of Cake\Network\Request. - /var/www/html/Gim/vendor/composer/ClassLoader.php, line: 444
 You can disable deprecation warnings by setting `Error.errorLevel` to `E_ALL & ~E_USER_DEPRECATED` in your config/app.php. in [/var/www/html/Gim/vendor/cakephp/cakephp/src/Core/functions.php, line 311]
Trace:
Cake\Error\BaseErrorHandler::handleError() - CORE/src/Error/BaseErrorHandler.php, line 158
deprecationWarning - CORE/src/Core/functions.php, line 311
include - CORE/src/Network/Request.php, line 4
Composer\Autoload\includeFile - ROOT/vendor/composer/ClassLoader.php, line 444
Composer\Autoload\ClassLoader::loadClass() - ROOT/vendor/composer/ClassLoader.php, line 322
spl_autoload_call - [internal], line ??
include - ROOT/config/bootstrap.php, line 164
[main] - ROOT/bin/cake.php, line 31



2019-12-03 10:24:55 Notice: Deprecated (16384): Plugin::load() is deprecated. Use Application::addPlugin() instead. This method will be removed in 4.0.0. - /var/www/html/Gim/config/bootstrap.php, line: 194
 You can disable deprecation warnings by setting `Error.errorLevel` to `E_ALL & ~E_USER_DEPRECATED` in your config/app.php. in [/var/www/html/Gim/vendor/cakephp/cakephp/src/Core/functions.php, line 311]
Trace:
Cake\Error\BaseErrorHandler::handleError() - CORE/src/Error/BaseErrorHandler.php, line 158
deprecationWarning - CORE/src/Core/functions.php, line 311
Cake\Core\Plugin::load() - CORE/src/Core/Plugin.php, line 117
include - ROOT/config/bootstrap.php, line 194
[main] - ROOT/bin/cake.php, line 31



2019-12-03 12:32:29 Notice: Deprecated (16384): Security::salt() is deprecated. Use Security::getSalt()/setSalt() instead. - /var/www/html/Gim/config/bootstrap.php, line: 152
 You can disable deprecation warnings by setting `Error.errorLevel` to `E_ALL & ~E_USER_DEPRECATED` in your config/app.php. in [/var/www/html/Gim/vendor/cakephp/cakephp/src/Core/functions.php, line 311]
Trace:
Cake\Error\BaseErrorHandler::handleError() - CORE/src/Error/BaseErrorHandler.php, line 158
deprecationWarning - CORE/src/Core/functions.php, line 311
Cake\Utility\Security::salt() - CORE/src/Utility/Security.php, line 383
include - ROOT/config/bootstrap.php, line 152
[main] - ROOT/bin/cake.php, line 31



2019-12-03 12:32:29 Notice: Deprecated (16384): Use Cake\Http\ServerRequest instead of Cake\Network\Request. - /var/www/html/Gim/vendor/composer/ClassLoader.php, line: 444
 You can disable deprecation warnings by setting `Error.errorLevel` to `E_ALL & ~E_USER_DEPRECATED` in your config/app.php. in [/var/www/html/Gim/vendor/cakephp/cakephp/src/Core/functions.php, line 311]
Trace:
Cake\Error\BaseErrorHandler::handleError() - CORE/src/Error/BaseErrorHandler.php, line 158
deprecationWarning - CORE/src/Core/functions.php, line 311
include - CORE/src/Network/Request.php, line 4
Composer\Autoload\includeFile - ROOT/vendor/composer/ClassLoader.php, line 444
Composer\Autoload\ClassLoader::loadClass() - ROOT/vendor/composer/ClassLoader.php, line 322
spl_autoload_call - [internal], line ??
include - ROOT/config/bootstrap.php, line 164
[main] - ROOT/bin/cake.php, line 31



2019-12-03 12:32:29 Notice: Deprecated (16384): Plugin::load() is deprecated. Use Application::addPlugin() instead. This method will be removed in 4.0.0. - /var/www/html/Gim/config/bootstrap.php, line: 194
 You can disable deprecation warnings by setting `Error.errorLevel` to `E_ALL & ~E_USER_DEPRECATED` in your config/app.php. in [/var/www/html/Gim/vendor/cakephp/cakephp/src/Core/functions.php, line 311]
Trace:
Cake\Error\BaseErrorHandler::handleError() - CORE/src/Error/BaseErrorHandler.php, line 158
deprecationWarning - CORE/src/Core/functions.php, line 311
Cake\Core\Plugin::load() - CORE/src/Core/Plugin.php, line 117
include - ROOT/config/bootstrap.php, line 194
[main] - ROOT/bin/cake.php, line 31



2019-12-03 12:41:24 Notice: Deprecated (16384): Security::salt() is deprecated. Use Security::getSalt()/setSalt() instead. - /var/www/html/Gim/config/bootstrap.php, line: 152
 You can disable deprecation warnings by setting `Error.errorLevel` to `E_ALL & ~E_USER_DEPRECATED` in your config/app.php. in [/var/www/html/Gim/vendor/cakephp/cakephp/src/Core/functions.php, line 311]
Trace:
Cake\Error\BaseErrorHandler::handleError() - CORE/src/Error/BaseErrorHandler.php, line 158
deprecationWarning - CORE/src/Core/functions.php, line 311
Cake\Utility\Security::salt() - CORE/src/Utility/Security.php, line 383
include - ROOT/config/bootstrap.php, line 152
[main] - ROOT/bin/cake.php, line 31



2019-12-03 12:41:24 Notice: Deprecated (16384): Use Cake\Http\ServerRequest instead of Cake\Network\Request. - /var/www/html/Gim/vendor/composer/ClassLoader.php, line: 444
 You can disable deprecation warnings by setting `Error.errorLevel` to `E_ALL & ~E_USER_DEPRECATED` in your config/app.php. in [/var/www/html/Gim/vendor/cakephp/cakephp/src/Core/functions.php, line 311]
Trace:
Cake\Error\BaseErrorHandler::handleError() - CORE/src/Error/BaseErrorHandler.php, line 158
deprecationWarning - CORE/src/Core/functions.php, line 311
include - CORE/src/Network/Request.php, line 4
Composer\Autoload\includeFile - ROOT/vendor/composer/ClassLoader.php, line 444
Composer\Autoload\ClassLoader::loadClass() - ROOT/vendor/composer/ClassLoader.php, line 322
spl_autoload_call - [internal], line ??
include - ROOT/config/bootstrap.php, line 164
[main] - ROOT/bin/cake.php, line 31



2019-12-03 12:41:24 Notice: Deprecated (16384): Plugin::load() is deprecated. Use Application::addPlugin() instead. This method will be removed in 4.0.0. - /var/www/html/Gim/config/bootstrap.php, line: 194
 You can disable deprecation warnings by setting `Error.errorLevel` to `E_ALL & ~E_USER_DEPRECATED` in your config/app.php. in [/var/www/html/Gim/vendor/cakephp/cakephp/src/Core/functions.php, line 311]
Trace:
Cake\Error\BaseErrorHandler::handleError() - CORE/src/Error/BaseErrorHandler.php, line 158
deprecationWarning - CORE/src/Core/functions.php, line 311
Cake\Core\Plugin::load() - CORE/src/Core/Plugin.php, line 117
include - ROOT/config/bootstrap.php, line 194
[main] - ROOT/bin/cake.php, line 31



2019-12-03 12:57:16 Notice: Deprecated (16384): Security::salt() is deprecated. Use Security::getSalt()/setSalt() instead. - /var/www/html/Gim/config/bootstrap.php, line: 152
 You can disable deprecation warnings by setting `Error.errorLevel` to `E_ALL & ~E_USER_DEPRECATED` in your config/app.php. in [/var/www/html/Gim/vendor/cakephp/cakephp/src/Core/functions.php, line 311]
Trace:
Cake\Error\BaseErrorHandler::handleError() - CORE/src/Error/BaseErrorHandler.php, line 158
deprecationWarning - CORE/src/Core/functions.php, line 311
Cake\Utility\Security::salt() - CORE/src/Utility/Security.php, line 383
include - ROOT/config/bootstrap.php, line 152
[main] - ROOT/bin/cake.php, line 31



2019-12-03 12:57:16 Notice: Deprecated (16384): Use Cake\Http\ServerRequest instead of Cake\Network\Request. - /var/www/html/Gim/vendor/composer/ClassLoader.php, line: 444
 You can disable deprecation warnings by setting `Error.errorLevel` to `E_ALL & ~E_USER_DEPRECATED` in your config/app.php. in [/var/www/html/Gim/vendor/cakephp/cakephp/src/Core/functions.php, line 311]
Trace:
Cake\Error\BaseErrorHandler::handleError() - CORE/src/Error/BaseErrorHandler.php, line 158
deprecationWarning - CORE/src/Core/functions.php, line 311
include - CORE/src/Network/Request.php, line 4
Composer\Autoload\includeFile - ROOT/vendor/composer/ClassLoader.php, line 444
Composer\Autoload\ClassLoader::loadClass() - ROOT/vendor/composer/ClassLoader.php, line 322
spl_autoload_call - [internal], line ??
include - ROOT/config/bootstrap.php, line 164
[main] - ROOT/bin/cake.php, line 31



2019-12-03 12:57:16 Notice: Deprecated (16384): Plugin::load() is deprecated. Use Application::addPlugin() instead. This method will be removed in 4.0.0. - /var/www/html/Gim/config/bootstrap.php, line: 194
 You can disable deprecation warnings by setting `Error.errorLevel` to `E_ALL & ~E_USER_DEPRECATED` in your config/app.php. in [/var/www/html/Gim/vendor/cakephp/cakephp/src/Core/functions.php, line 311]
Trace:
Cake\Error\BaseErrorHandler::handleError() - CORE/src/Error/BaseErrorHandler.php, line 158
deprecationWarning - CORE/src/Core/functions.php, line 311
Cake\Core\Plugin::load() - CORE/src/Core/Plugin.php, line 117
include - ROOT/config/bootstrap.php, line 194
[main] - ROOT/bin/cake.php, line 31



2019-12-03 13:47:15 Notice: Deprecated (16384): Security::salt() is deprecated. Use Security::getSalt()/setSalt() instead. - /var/www/html/Gim/config/bootstrap.php, line: 152
 You can disable deprecation warnings by setting `Error.errorLevel` to `E_ALL & ~E_USER_DEPRECATED` in your config/app.php. in [/var/www/html/Gim/vendor/cakephp/cakephp/src/Core/functions.php, line 311]
Trace:
Cake\Error\BaseErrorHandler::handleError() - CORE/src/Error/BaseErrorHandler.php, line 158
deprecationWarning - CORE/src/Core/functions.php, line 311
Cake\Utility\Security::salt() - CORE/src/Utility/Security.php, line 383
include - ROOT/config/bootstrap.php, line 152
[main] - ROOT/bin/cake.php, line 31



2019-12-03 13:47:16 Notice: Deprecated (16384): Use Cake\Http\ServerRequest instead of Cake\Network\Request. - /var/www/html/Gim/vendor/composer/ClassLoader.php, line: 444
 You can disable deprecation warnings by setting `Error.errorLevel` to `E_ALL & ~E_USER_DEPRECATED` in your config/app.php. in [/var/www/html/Gim/vendor/cakephp/cakephp/src/Core/functions.php, line 311]
Trace:
Cake\Error\BaseErrorHandler::handleError() - CORE/src/Error/BaseErrorHandler.php, line 158
deprecationWarning - CORE/src/Core/functions.php, line 311
include - CORE/src/Network/Request.php, line 4
Composer\Autoload\includeFile - ROOT/vendor/composer/ClassLoader.php, line 444
Composer\Autoload\ClassLoader::loadClass() - ROOT/vendor/composer/ClassLoader.php, line 322
spl_autoload_call - [internal], line ??
include - ROOT/config/bootstrap.php, line 164
[main] - ROOT/bin/cake.php, line 31



2019-12-03 13:47:16 Notice: Deprecated (16384): Plugin::load() is deprecated. Use Application::addPlugin() instead. This method will be removed in 4.0.0. - /var/www/html/Gim/config/bootstrap.php, line: 194
 You can disable deprecation warnings by setting `Error.errorLevel` to `E_ALL & ~E_USER_DEPRECATED` in your config/app.php. in [/var/www/html/Gim/vendor/cakephp/cakephp/src/Core/functions.php, line 311]
Trace:
Cake\Error\BaseErrorHandler::handleError() - CORE/src/Error/BaseErrorHandler.php, line 158
deprecationWarning - CORE/src/Core/functions.php, line 311
Cake\Core\Plugin::load() - CORE/src/Core/Plugin.php, line 117
include - ROOT/config/bootstrap.php, line 194
[main] - ROOT/bin/cake.php, line 31



2019-12-04 11:31:13 Notice: Deprecated (16384): Security::salt() is deprecated. Use Security::getSalt()/setSalt() instead. - /var/www/html/Gim/config/bootstrap.php, line: 152
 You can disable deprecation warnings by setting `Error.errorLevel` to `E_ALL & ~E_USER_DEPRECATED` in your config/app.php. in [/var/www/html/Gim/vendor/cakephp/cakephp/src/Core/functions.php, line 311]
Trace:
Cake\Error\BaseErrorHandler::handleError() - CORE/src/Error/BaseErrorHandler.php, line 158
deprecationWarning - CORE/src/Core/functions.php, line 311
Cake\Utility\Security::salt() - CORE/src/Utility/Security.php, line 383
include - ROOT/config/bootstrap.php, line 152
[main] - ROOT/bin/cake.php, line 31



2019-12-04 11:31:13 Notice: Deprecated (16384): Use Cake\Http\ServerRequest instead of Cake\Network\Request. - /var/www/html/Gim/vendor/composer/ClassLoader.php, line: 444
 You can disable deprecation warnings by setting `Error.errorLevel` to `E_ALL & ~E_USER_DEPRECATED` in your config/app.php. in [/var/www/html/Gim/vendor/cakephp/cakephp/src/Core/functions.php, line 311]
Trace:
Cake\Error\BaseErrorHandler::handleError() - CORE/src/Error/BaseErrorHandler.php, line 158
deprecationWarning - CORE/src/Core/functions.php, line 311
include - CORE/src/Network/Request.php, line 4
Composer\Autoload\includeFile - ROOT/vendor/composer/ClassLoader.php, line 444
Composer\Autoload\ClassLoader::loadClass() - ROOT/vendor/composer/ClassLoader.php, line 322
spl_autoload_call - [internal], line ??
include - ROOT/config/bootstrap.php, line 164
[main] - ROOT/bin/cake.php, line 31



2019-12-04 11:31:13 Notice: Deprecated (16384): Plugin::load() is deprecated. Use Application::addPlugin() instead. This method will be removed in 4.0.0. - /var/www/html/Gim/config/bootstrap.php, line: 194
 You can disable deprecation warnings by setting `Error.errorLevel` to `E_ALL & ~E_USER_DEPRECATED` in your config/app.php. in [/var/www/html/Gim/vendor/cakephp/cakephp/src/Core/functions.php, line 311]
Trace:
Cake\Error\BaseErrorHandler::handleError() - CORE/src/Error/BaseErrorHandler.php, line 158
deprecationWarning - CORE/src/Core/functions.php, line 311
Cake\Core\Plugin::load() - CORE/src/Core/Plugin.php, line 117
include - ROOT/config/bootstrap.php, line 194
[main] - ROOT/bin/cake.php, line 31



2019-12-04 12:11:06 Notice: Deprecated (16384): Security::salt() is deprecated. Use Security::getSalt()/setSalt() instead. - /var/www/html/Gim/config/bootstrap.php, line: 152
 You can disable deprecation warnings by setting `Error.errorLevel` to `E_ALL & ~E_USER_DEPRECATED` in your config/app.php. in [/var/www/html/Gim/vendor/cakephp/cakephp/src/Core/functions.php, line 311]
Trace:
Cake\Error\BaseErrorHandler::handleError() - CORE/src/Error/BaseErrorHandler.php, line 158
deprecationWarning - CORE/src/Core/functions.php, line 311
Cake\Utility\Security::salt() - CORE/src/Utility/Security.php, line 383
include - ROOT/config/bootstrap.php, line 152
[main] - ROOT/bin/cake.php, line 31



2019-12-04 12:11:06 Notice: Deprecated (16384): Use Cake\Http\ServerRequest instead of Cake\Network\Request. - /var/www/html/Gim/vendor/composer/ClassLoader.php, line: 444
 You can disable deprecation warnings by setting `Error.errorLevel` to `E_ALL & ~E_USER_DEPRECATED` in your config/app.php. in [/var/www/html/Gim/vendor/cakephp/cakephp/src/Core/functions.php, line 311]
Trace:
Cake\Error\BaseErrorHandler::handleError() - CORE/src/Error/BaseErrorHandler.php, line 158
deprecationWarning - CORE/src/Core/functions.php, line 311
include - CORE/src/Network/Request.php, line 4
Composer\Autoload\includeFile - ROOT/vendor/composer/ClassLoader.php, line 444
Composer\Autoload\ClassLoader::loadClass() - ROOT/vendor/composer/ClassLoader.php, line 322
spl_autoload_call - [internal], line ??
include - ROOT/config/bootstrap.php, line 164
[main] - ROOT/bin/cake.php, line 31



2019-12-04 12:11:06 Notice: Deprecated (16384): Plugin::load() is deprecated. Use Application::addPlugin() instead. This method will be removed in 4.0.0. - /var/www/html/Gim/config/bootstrap.php, line: 194
 You can disable deprecation warnings by setting `Error.errorLevel` to `E_ALL & ~E_USER_DEPRECATED` in your config/app.php. in [/var/www/html/Gim/vendor/cakephp/cakephp/src/Core/functions.php, line 311]
Trace:
Cake\Error\BaseErrorHandler::handleError() - CORE/src/Error/BaseErrorHandler.php, line 158
deprecationWarning - CORE/src/Core/functions.php, line 311
Cake\Core\Plugin::load() - CORE/src/Core/Plugin.php, line 117
include - ROOT/config/bootstrap.php, line 194
[main] - ROOT/bin/cake.php, line 31



2019-12-05 11:05:15 Notice: Deprecated (16384): Security::salt() is deprecated. Use Security::getSalt()/setSalt() instead. - /var/www/html/Gim/config/bootstrap.php, line: 152
 You can disable deprecation warnings by setting `Error.errorLevel` to `E_ALL & ~E_USER_DEPRECATED` in your config/app.php. in [/var/www/html/Gim/vendor/cakephp/cakephp/src/Core/functions.php, line 311]
Trace:
Cake\Error\BaseErrorHandler::handleError() - CORE/src/Error/BaseErrorHandler.php, line 158
deprecationWarning - CORE/src/Core/functions.php, line 311
Cake\Utility\Security::salt() - CORE/src/Utility/Security.php, line 383
include - ROOT/config/bootstrap.php, line 152
[main] - ROOT/bin/cake.php, line 31



2019-12-05 11:05:15 Notice: Deprecated (16384): Use Cake\Http\ServerRequest instead of Cake\Network\Request. - /var/www/html/Gim/vendor/composer/ClassLoader.php, line: 444
 You can disable deprecation warnings by setting `Error.errorLevel` to `E_ALL & ~E_USER_DEPRECATED` in your config/app.php. in [/var/www/html/Gim/vendor/cakephp/cakephp/src/Core/functions.php, line 311]
Trace:
Cake\Error\BaseErrorHandler::handleError() - CORE/src/Error/BaseErrorHandler.php, line 158
deprecationWarning - CORE/src/Core/functions.php, line 311
include - CORE/src/Network/Request.php, line 4
Composer\Autoload\includeFile - ROOT/vendor/composer/ClassLoader.php, line 444
Composer\Autoload\ClassLoader::loadClass() - ROOT/vendor/composer/ClassLoader.php, line 322
spl_autoload_call - [internal], line ??
include - ROOT/config/bootstrap.php, line 164
[main] - ROOT/bin/cake.php, line 31



2019-12-05 11:05:15 Notice: Deprecated (16384): Plugin::load() is deprecated. Use Application::addPlugin() instead. This method will be removed in 4.0.0. - /var/www/html/Gim/config/bootstrap.php, line: 194
 You can disable deprecation warnings by setting `Error.errorLevel` to `E_ALL & ~E_USER_DEPRECATED` in your config/app.php. in [/var/www/html/Gim/vendor/cakephp/cakephp/src/Core/functions.php, line 311]
Trace:
Cake\Error\BaseErrorHandler::handleError() - CORE/src/Error/BaseErrorHandler.php, line 158
deprecationWarning - CORE/src/Core/functions.php, line 311
Cake\Core\Plugin::load() - CORE/src/Core/Plugin.php, line 117
include - ROOT/config/bootstrap.php, line 194
[main] - ROOT/bin/cake.php, line 31



2019-12-05 13:17:19 Notice: Deprecated (16384): Security::salt() is deprecated. Use Security::getSalt()/setSalt() instead. - /var/www/html/Gim/config/bootstrap.php, line: 152
 You can disable deprecation warnings by setting `Error.errorLevel` to `E_ALL & ~E_USER_DEPRECATED` in your config/app.php. in [/var/www/html/Gim/vendor/cakephp/cakephp/src/Core/functions.php, line 311]
Trace:
Cake\Error\BaseErrorHandler::handleError() - CORE/src/Error/BaseErrorHandler.php, line 158
deprecationWarning - CORE/src/Core/functions.php, line 311
Cake\Utility\Security::salt() - CORE/src/Utility/Security.php, line 383
include - ROOT/config/bootstrap.php, line 152
[main] - ROOT/bin/cake.php, line 31



2019-12-05 13:17:19 Notice: Deprecated (16384): Use Cake\Http\ServerRequest instead of Cake\Network\Request. - /var/www/html/Gim/vendor/composer/ClassLoader.php, line: 444
 You can disable deprecation warnings by setting `Error.errorLevel` to `E_ALL & ~E_USER_DEPRECATED` in your config/app.php. in [/var/www/html/Gim/vendor/cakephp/cakephp/src/Core/functions.php, line 311]
Trace:
Cake\Error\BaseErrorHandler::handleError() - CORE/src/Error/BaseErrorHandler.php, line 158
deprecationWarning - CORE/src/Core/functions.php, line 311
include - CORE/src/Network/Request.php, line 4
Composer\Autoload\includeFile - ROOT/vendor/composer/ClassLoader.php, line 444
Composer\Autoload\ClassLoader::loadClass() - ROOT/vendor/composer/ClassLoader.php, line 322
spl_autoload_call - [internal], line ??
include - ROOT/config/bootstrap.php, line 164
[main] - ROOT/bin/cake.php, line 31



2019-12-05 13:17:19 Notice: Deprecated (16384): Plugin::load() is deprecated. Use Application::addPlugin() instead. This method will be removed in 4.0.0. - /var/www/html/Gim/config/bootstrap.php, line: 194
 You can disable deprecation warnings by setting `Error.errorLevel` to `E_ALL & ~E_USER_DEPRECATED` in your config/app.php. in [/var/www/html/Gim/vendor/cakephp/cakephp/src/Core/functions.php, line 311]
Trace:
Cake\Error\BaseErrorHandler::handleError() - CORE/src/Error/BaseErrorHandler.php, line 158
deprecationWarning - CORE/src/Core/functions.php, line 311
Cake\Core\Plugin::load() - CORE/src/Core/Plugin.php, line 117
include - ROOT/config/bootstrap.php, line 194
[main] - ROOT/bin/cake.php, line 31



2019-12-12 15:56:26 Notice: Deprecated (16384): Security::salt() is deprecated. Use Security::getSalt()/setSalt() instead. - /var/www/html/Gim/config/bootstrap.php, line: 152
 You can disable deprecation warnings by setting `Error.errorLevel` to `E_ALL & ~E_USER_DEPRECATED` in your config/app.php. in [/var/www/html/Gim/vendor/cakephp/cakephp/src/Core/functions.php, line 311]
Trace:
Cake\Error\BaseErrorHandler::handleError() - CORE/src/Error/BaseErrorHandler.php, line 158
deprecationWarning - CORE/src/Core/functions.php, line 311
Cake\Utility\Security::salt() - CORE/src/Utility/Security.php, line 383
include - ROOT/config/bootstrap.php, line 152
[main] - ROOT/bin/cake.php, line 31



2019-12-12 15:56:26 Notice: Deprecated (16384): Use Cake\Http\ServerRequest instead of Cake\Network\Request. - /var/www/html/Gim/vendor/composer/ClassLoader.php, line: 444
 You can disable deprecation warnings by setting `Error.errorLevel` to `E_ALL & ~E_USER_DEPRECATED` in your config/app.php. in [/var/www/html/Gim/vendor/cakephp/cakephp/src/Core/functions.php, line 311]
Trace:
Cake\Error\BaseErrorHandler::handleError() - CORE/src/Error/BaseErrorHandler.php, line 158
deprecationWarning - CORE/src/Core/functions.php, line 311
include - CORE/src/Network/Request.php, line 4
Composer\Autoload\includeFile - ROOT/vendor/composer/ClassLoader.php, line 444
Composer\Autoload\ClassLoader::loadClass() - ROOT/vendor/composer/ClassLoader.php, line 322
spl_autoload_call - [internal], line ??
include - ROOT/config/bootstrap.php, line 164
[main] - ROOT/bin/cake.php, line 31



2019-12-12 15:56:26 Notice: Deprecated (16384): Plugin::load() is deprecated. Use Application::addPlugin() instead. This method will be removed in 4.0.0. - /var/www/html/Gim/config/bootstrap.php, line: 194
 You can disable deprecation warnings by setting `Error.errorLevel` to `E_ALL & ~E_USER_DEPRECATED` in your config/app.php. in [/var/www/html/Gim/vendor/cakephp/cakephp/src/Core/functions.php, line 311]
Trace:
Cake\Error\BaseErrorHandler::handleError() - CORE/src/Error/BaseErrorHandler.php, line 158
deprecationWarning - CORE/src/Core/functions.php, line 311
Cake\Core\Plugin::load() - CORE/src/Core/Plugin.php, line 117
include - ROOT/config/bootstrap.php, line 194
[main] - ROOT/bin/cake.php, line 31



2019-12-12 15:56:33 Notice: Deprecated (16384): Security::salt() is deprecated. Use Security::getSalt()/setSalt() instead. - /var/www/html/Gim/config/bootstrap.php, line: 152
 You can disable deprecation warnings by setting `Error.errorLevel` to `E_ALL & ~E_USER_DEPRECATED` in your config/app.php. in [/var/www/html/Gim/vendor/cakephp/cakephp/src/Core/functions.php, line 311]
Trace:
Cake\Error\BaseErrorHandler::handleError() - CORE/src/Error/BaseErrorHandler.php, line 158
deprecationWarning - CORE/src/Core/functions.php, line 311
Cake\Utility\Security::salt() - CORE/src/Utility/Security.php, line 383
include - ROOT/config/bootstrap.php, line 152
[main] - ROOT/bin/cake.php, line 31



2019-12-12 15:56:33 Notice: Deprecated (16384): Use Cake\Http\ServerRequest instead of Cake\Network\Request. - /var/www/html/Gim/vendor/composer/ClassLoader.php, line: 444
 You can disable deprecation warnings by setting `Error.errorLevel` to `E_ALL & ~E_USER_DEPRECATED` in your config/app.php. in [/var/www/html/Gim/vendor/cakephp/cakephp/src/Core/functions.php, line 311]
Trace:
Cake\Error\BaseErrorHandler::handleError() - CORE/src/Error/BaseErrorHandler.php, line 158
deprecationWarning - CORE/src/Core/functions.php, line 311
include - CORE/src/Network/Request.php, line 4
Composer\Autoload\includeFile - ROOT/vendor/composer/ClassLoader.php, line 444
Composer\Autoload\ClassLoader::loadClass() - ROOT/vendor/composer/ClassLoader.php, line 322
spl_autoload_call - [internal], line ??
include - ROOT/config/bootstrap.php, line 164
[main] - ROOT/bin/cake.php, line 31



2019-12-12 15:56:33 Notice: Deprecated (16384): Plugin::load() is deprecated. Use Application::addPlugin() instead. This method will be removed in 4.0.0. - /var/www/html/Gim/config/bootstrap.php, line: 194
 You can disable deprecation warnings by setting `Error.errorLevel` to `E_ALL & ~E_USER_DEPRECATED` in your config/app.php. in [/var/www/html/Gim/vendor/cakephp/cakephp/src/Core/functions.php, line 311]
Trace:
Cake\Error\BaseErrorHandler::handleError() - CORE/src/Error/BaseErrorHandler.php, line 158
deprecationWarning - CORE/src/Core/functions.php, line 311
Cake\Core\Plugin::load() - CORE/src/Core/Plugin.php, line 117
include - ROOT/config/bootstrap.php, line 194
[main] - ROOT/bin/cake.php, line 31



2019-12-17 12:51:11 Notice: Deprecated (16384): Security::salt() is deprecated. Use Security::getSalt()/setSalt() instead. - /var/www/html/Gim/config/bootstrap.php, line: 152
 You can disable deprecation warnings by setting `Error.errorLevel` to `E_ALL & ~E_USER_DEPRECATED` in your config/app.php. in [/var/www/html/Gim/vendor/cakephp/cakephp/src/Core/functions.php, line 311]
Trace:
Cake\Error\BaseErrorHandler::handleError() - CORE/src/Error/BaseErrorHandler.php, line 158
deprecationWarning - CORE/src/Core/functions.php, line 311
Cake\Utility\Security::salt() - CORE/src/Utility/Security.php, line 383
include - ROOT/config/bootstrap.php, line 152
[main] - ROOT/bin/cake.php, line 31



2019-12-17 12:51:11 Notice: Deprecated (16384): Use Cake\Http\ServerRequest instead of Cake\Network\Request. - /var/www/html/Gim/vendor/composer/ClassLoader.php, line: 444
 You can disable deprecation warnings by setting `Error.errorLevel` to `E_ALL & ~E_USER_DEPRECATED` in your config/app.php. in [/var/www/html/Gim/vendor/cakephp/cakephp/src/Core/functions.php, line 311]
Trace:
Cake\Error\BaseErrorHandler::handleError() - CORE/src/Error/BaseErrorHandler.php, line 158
deprecationWarning - CORE/src/Core/functions.php, line 311
include - CORE/src/Network/Request.php, line 4
Composer\Autoload\includeFile - ROOT/vendor/composer/ClassLoader.php, line 444
Composer\Autoload\ClassLoader::loadClass() - ROOT/vendor/composer/ClassLoader.php, line 322
spl_autoload_call - [internal], line ??
include - ROOT/config/bootstrap.php, line 164
[main] - ROOT/bin/cake.php, line 31



2019-12-17 12:51:11 Notice: Deprecated (16384): Plugin::load() is deprecated. Use Application::addPlugin() instead. This method will be removed in 4.0.0. - /var/www/html/Gim/config/bootstrap.php, line: 194
 You can disable deprecation warnings by setting `Error.errorLevel` to `E_ALL & ~E_USER_DEPRECATED` in your config/app.php. in [/var/www/html/Gim/vendor/cakephp/cakephp/src/Core/functions.php, line 311]
Trace:
Cake\Error\BaseErrorHandler::handleError() - CORE/src/Error/BaseErrorHandler.php, line 158
deprecationWarning - CORE/src/Core/functions.php, line 311
Cake\Core\Plugin::load() - CORE/src/Core/Plugin.php, line 117
include - ROOT/config/bootstrap.php, line 194
[main] - ROOT/bin/cake.php, line 31



2019-12-17 13:01:53 Notice: Deprecated (16384): Security::salt() is deprecated. Use Security::getSalt()/setSalt() instead. - /var/www/html/Gim/config/bootstrap.php, line: 152
 You can disable deprecation warnings by setting `Error.errorLevel` to `E_ALL & ~E_USER_DEPRECATED` in your config/app.php. in [/var/www/html/Gim/vendor/cakephp/cakephp/src/Core/functions.php, line 311]
Trace:
Cake\Error\BaseErrorHandler::handleError() - CORE/src/Error/BaseErrorHandler.php, line 158
deprecationWarning - CORE/src/Core/functions.php, line 311
Cake\Utility\Security::salt() - CORE/src/Utility/Security.php, line 383
include - ROOT/config/bootstrap.php, line 152
[main] - ROOT/bin/cake.php, line 31



2019-12-17 13:01:53 Notice: Deprecated (16384): Use Cake\Http\ServerRequest instead of Cake\Network\Request. - /var/www/html/Gim/vendor/composer/ClassLoader.php, line: 444
 You can disable deprecation warnings by setting `Error.errorLevel` to `E_ALL & ~E_USER_DEPRECATED` in your config/app.php. in [/var/www/html/Gim/vendor/cakephp/cakephp/src/Core/functions.php, line 311]
Trace:
Cake\Error\BaseErrorHandler::handleError() - CORE/src/Error/BaseErrorHandler.php, line 158
deprecationWarning - CORE/src/Core/functions.php, line 311
include - CORE/src/Network/Request.php, line 4
Composer\Autoload\includeFile - ROOT/vendor/composer/ClassLoader.php, line 444
Composer\Autoload\ClassLoader::loadClass() - ROOT/vendor/composer/ClassLoader.php, line 322
spl_autoload_call - [internal], line ??
include - ROOT/config/bootstrap.php, line 164
[main] - ROOT/bin/cake.php, line 31



2019-12-17 13:01:53 Notice: Deprecated (16384): Plugin::load() is deprecated. Use Application::addPlugin() instead. This method will be removed in 4.0.0. - /var/www/html/Gim/config/bootstrap.php, line: 194
 You can disable deprecation warnings by setting `Error.errorLevel` to `E_ALL & ~E_USER_DEPRECATED` in your config/app.php. in [/var/www/html/Gim/vendor/cakephp/cakephp/src/Core/functions.php, line 311]
Trace:
Cake\Error\BaseErrorHandler::handleError() - CORE/src/Error/BaseErrorHandler.php, line 158
deprecationWarning - CORE/src/Core/functions.php, line 311
Cake\Core\Plugin::load() - CORE/src/Core/Plugin.php, line 117
include - ROOT/config/bootstrap.php, line 194
[main] - ROOT/bin/cake.php, line 31



2019-12-19 13:33:04 Notice: Deprecated (16384): Security::salt() is deprecated. Use Security::getSalt()/setSalt() instead. - /var/www/html/Gim/config/bootstrap.php, line: 152
 You can disable deprecation warnings by setting `Error.errorLevel` to `E_ALL & ~E_USER_DEPRECATED` in your config/app.php. in [/var/www/html/Gim/vendor/cakephp/cakephp/src/Core/functions.php, line 311]
Trace:
Cake\Error\BaseErrorHandler::handleError() - CORE/src/Error/BaseErrorHandler.php, line 158
deprecationWarning - CORE/src/Core/functions.php, line 311
Cake\Utility\Security::salt() - CORE/src/Utility/Security.php, line 383
include - ROOT/config/bootstrap.php, line 152
[main] - ROOT/bin/cake.php, line 31



2019-12-19 13:33:04 Notice: Deprecated (16384): Use Cake\Http\ServerRequest instead of Cake\Network\Request. - /var/www/html/Gim/vendor/composer/ClassLoader.php, line: 444
 You can disable deprecation warnings by setting `Error.errorLevel` to `E_ALL & ~E_USER_DEPRECATED` in your config/app.php. in [/var/www/html/Gim/vendor/cakephp/cakephp/src/Core/functions.php, line 311]
Trace:
Cake\Error\BaseErrorHandler::handleError() - CORE/src/Error/BaseErrorHandler.php, line 158
deprecationWarning - CORE/src/Core/functions.php, line 311
include - CORE/src/Network/Request.php, line 4
Composer\Autoload\includeFile - ROOT/vendor/composer/ClassLoader.php, line 444
Composer\Autoload\ClassLoader::loadClass() - ROOT/vendor/composer/ClassLoader.php, line 322
spl_autoload_call - [internal], line ??
include - ROOT/config/bootstrap.php, line 164
[main] - ROOT/bin/cake.php, line 31



2019-12-19 13:33:04 Notice: Deprecated (16384): Plugin::load() is deprecated. Use Application::addPlugin() instead. This method will be removed in 4.0.0. - /var/www/html/Gim/config/bootstrap.php, line: 194
 You can disable deprecation warnings by setting `Error.errorLevel` to `E_ALL & ~E_USER_DEPRECATED` in your config/app.php. in [/var/www/html/Gim/vendor/cakephp/cakephp/src/Core/functions.php, line 311]
Trace:
Cake\Error\BaseErrorHandler::handleError() - CORE/src/Error/BaseErrorHandler.php, line 158
deprecationWarning - CORE/src/Core/functions.php, line 311
Cake\Core\Plugin::load() - CORE/src/Core/Plugin.php, line 117
include - ROOT/config/bootstrap.php, line 194
[main] - ROOT/bin/cake.php, line 31



2019-12-20 12:18:28 Notice: Deprecated (16384): Security::salt() is deprecated. Use Security::getSalt()/setSalt() instead. - /var/www/html/Gim/config/bootstrap.php, line: 152
 You can disable deprecation warnings by setting `Error.errorLevel` to `E_ALL & ~E_USER_DEPRECATED` in your config/app.php. in [/var/www/html/Gim/vendor/cakephp/cakephp/src/Core/functions.php, line 311]
Trace:
Cake\Error\BaseErrorHandler::handleError() - CORE/src/Error/BaseErrorHandler.php, line 158
deprecationWarning - CORE/src/Core/functions.php, line 311
Cake\Utility\Security::salt() - CORE/src/Utility/Security.php, line 383
include - ROOT/config/bootstrap.php, line 152
[main] - ROOT/bin/cake.php, line 31



2019-12-20 12:18:28 Notice: Deprecated (16384): Use Cake\Http\ServerRequest instead of Cake\Network\Request. - /var/www/html/Gim/vendor/composer/ClassLoader.php, line: 444
 You can disable deprecation warnings by setting `Error.errorLevel` to `E_ALL & ~E_USER_DEPRECATED` in your config/app.php. in [/var/www/html/Gim/vendor/cakephp/cakephp/src/Core/functions.php, line 311]
Trace:
Cake\Error\BaseErrorHandler::handleError() - CORE/src/Error/BaseErrorHandler.php, line 158
deprecationWarning - CORE/src/Core/functions.php, line 311
include - CORE/src/Network/Request.php, line 4
Composer\Autoload\includeFile - ROOT/vendor/composer/ClassLoader.php, line 444
Composer\Autoload\ClassLoader::loadClass() - ROOT/vendor/composer/ClassLoader.php, line 322
spl_autoload_call - [internal], line ??
include - ROOT/config/bootstrap.php, line 164
[main] - ROOT/bin/cake.php, line 31



2019-12-20 12:18:28 Notice: Deprecated (16384): Plugin::load() is deprecated. Use Application::addPlugin() instead. This method will be removed in 4.0.0. - /var/www/html/Gim/config/bootstrap.php, line: 194
 You can disable deprecation warnings by setting `Error.errorLevel` to `E_ALL & ~E_USER_DEPRECATED` in your config/app.php. in [/var/www/html/Gim/vendor/cakephp/cakephp/src/Core/functions.php, line 311]
Trace:
Cake\Error\BaseErrorHandler::handleError() - CORE/src/Error/BaseErrorHandler.php, line 158
deprecationWarning - CORE/src/Core/functions.php, line 311
Cake\Core\Plugin::load() - CORE/src/Core/Plugin.php, line 117
include - ROOT/config/bootstrap.php, line 194
[main] - ROOT/bin/cake.php, line 31



2020-02-17 11:43:15 Notice: Deprecated (16384): Security::salt() is deprecated. Use Security::getSalt()/setSalt() instead. - /var/www/html/Gim/config/bootstrap.php, line: 152
 You can disable deprecation warnings by setting `Error.errorLevel` to `E_ALL & ~E_USER_DEPRECATED` in your config/app.php. in [/var/www/html/Gim/vendor/cakephp/cakephp/src/Core/functions.php, line 311]
Trace:
Cake\Error\BaseErrorHandler::handleError() - CORE/src/Error/BaseErrorHandler.php, line 158
deprecationWarning - CORE/src/Core/functions.php, line 311
Cake\Utility\Security::salt() - CORE/src/Utility/Security.php, line 383
include - ROOT/config/bootstrap.php, line 152
[main] - ROOT/bin/cake.php, line 31



2020-02-17 11:43:15 Notice: Deprecated (16384): Use Cake\Http\ServerRequest instead of Cake\Network\Request. - /var/www/html/Gim/vendor/composer/ClassLoader.php, line: 444
 You can disable deprecation warnings by setting `Error.errorLevel` to `E_ALL & ~E_USER_DEPRECATED` in your config/app.php. in [/var/www/html/Gim/vendor/cakephp/cakephp/src/Core/functions.php, line 311]
Trace:
Cake\Error\BaseErrorHandler::handleError() - CORE/src/Error/BaseErrorHandler.php, line 158
deprecationWarning - CORE/src/Core/functions.php, line 311
include - CORE/src/Network/Request.php, line 4
Composer\Autoload\includeFile - ROOT/vendor/composer/ClassLoader.php, line 444
Composer\Autoload\ClassLoader::loadClass() - ROOT/vendor/composer/ClassLoader.php, line 322
spl_autoload_call - [internal], line ??
include - ROOT/config/bootstrap.php, line 164
[main] - ROOT/bin/cake.php, line 31



2020-02-17 11:43:15 Notice: Deprecated (16384): Plugin::load() is deprecated. Use Application::addPlugin() instead. This method will be removed in 4.0.0. - /var/www/html/Gim/config/bootstrap.php, line: 194
 You can disable deprecation warnings by setting `Error.errorLevel` to `E_ALL & ~E_USER_DEPRECATED` in your config/app.php. in [/var/www/html/Gim/vendor/cakephp/cakephp/src/Core/functions.php, line 311]
Trace:
Cake\Error\BaseErrorHandler::handleError() - CORE/src/Error/BaseErrorHandler.php, line 158
deprecationWarning - CORE/src/Core/functions.php, line 311
Cake\Core\Plugin::load() - CORE/src/Core/Plugin.php, line 117
include - ROOT/config/bootstrap.php, line 194
[main] - ROOT/bin/cake.php, line 31



